[2023-01-25 01:31:40] production.ERROR: Please provide a valid cache path. {"exception":"[object] (InvalidArgumentException(code: 0): Please provide a valid cache path. at /Users/craigiswayne/code/spotlight/from-prod-by-mel-2023-01-19/Spotlight/vendor/laravel/framework/src/Illuminate/View/Compilers/Compiler.php:36)
[stacktrace]
#0 /Users/craigiswayne/code/spotlight/from-prod-by-mel-2023-01-19/Spotlight/vendor/laravel/framework/src/Illuminate/View/ViewServiceProvider.php(88): Illuminate\\View\\Compilers\\Compiler->__construct(Object(Illuminate\\Filesystem\\Filesystem), false)
#1 /Users/craigiswayne/code/spotlight/from-prod-by-mel-2023-01-19/Spotlight/vendor/laravel/framework/src/Illuminate/Container/Container.php(873): Illuminate\\View\\ViewServiceProvider->Illuminate\\View\\{closure}(Object(Illuminate\\Foundation\\Application), Array)
#2 /Users/craigiswayne/code/spotlight/from-prod-by-mel-2023-01-19/Spotlight/vendor/laravel/framework/src/Illuminate/Container/Container.php(758): Illuminate\\Container\\Container->build(Object(Closure))
#3 /Users/craigiswayne/code/spotlight/from-prod-by-mel-2023-01-19/Spotlight/vendor/laravel/framework/src/Illuminate/Foundation/Application.php(851): Illuminate\\Container\\Container->resolve('blade.compiler', Array, true)
#4 /Users/craigiswayne/code/spotlight/from-prod-by-mel-2023-01-19/Spotlight/vendor/laravel/framework/src/Illuminate/Container/Container.php(694): Illuminate\\Foundation\\Application->resolve('blade.compiler', Array)
#5 /Users/craigiswayne/code/spotlight/from-prod-by-mel-2023-01-19/Spotlight/vendor/laravel/framework/src/Illuminate/Foundation/Application.php(836): Illuminate\\Container\\Container->make('blade.compiler', Array)
#6 /Users/craigiswayne/code/spotlight/from-prod-by-mel-2023-01-19/Spotlight/vendor/laravel/framework/src/Illuminate/Container/Container.php(1419): Illuminate\\Foundation\\Application->make('blade.compiler')
#7 /Users/craigiswayne/code/spotlight/from-prod-by-mel-2023-01-19/Spotlight/vendor/laravel/framework/src/Illuminate/View/ViewServiceProvider.php(150): Illuminate\\Container\\Container->offsetGet('blade.compiler')
#8 [internal function]: Illuminate\\View\\ViewServiceProvider->Illuminate\\View\\{closure}()
#9 /Users/craigiswayne/code/spotlight/from-prod-by-mel-2023-01-19/Spotlight/vendor/laravel/framework/src/Illuminate/View/Engines/EngineResolver.php(55): call_user_func(Object(Closure))
#10 /Users/craigiswayne/code/spotlight/from-prod-by-mel-2023-01-19/Spotlight/vendor/facade/ignition/src/IgnitionServiceProvider.php(467): Illuminate\\View\\Engines\\EngineResolver->resolve('blade')
#11 /Users/craigiswayne/code/spotlight/from-prod-by-mel-2023-01-19/Spotlight/vendor/facade/ignition/src/IgnitionServiceProvider.php(158): Facade\\Ignition\\IgnitionServiceProvider->hasCustomViewEnginesRegistered()
#12 /Users/craigiswayne/code/spotlight/from-prod-by-mel-2023-01-19/Spotlight/vendor/facade/ignition/src/IgnitionServiceProvider.php(101): Facade\\Ignition\\IgnitionServiceProvider->registerViewEngines()
#13 /Users/craigiswayne/code/spotlight/from-prod-by-mel-2023-01-19/Spotlight/vendor/laravel/framework/src/Illuminate/Container/BoundMethod.php(36): Facade\\Ignition\\IgnitionServiceProvider->boot()
#14 /Users/craigiswayne/code/spotlight/from-prod-by-mel-2023-01-19/Spotlight/vendor/laravel/framework/src/Illuminate/Container/Util.php(40): Illuminate\\Container\\BoundMethod::Illuminate\\Container\\{closure}()
#15 /Users/craigiswayne/code/spotlight/from-prod-by-mel-2023-01-19/Spotlight/vendor/laravel/framework/src/Illuminate/Container/BoundMethod.php(93): Illuminate\\Container\\Util::unwrapIfClosure(Object(Closure))
#16 /Users/craigiswayne/code/spotlight/from-prod-by-mel-2023-01-19/Spotlight/vendor/laravel/framework/src/Illuminate/Container/BoundMethod.php(37): Illuminate\\Container\\BoundMethod::callBoundMethod(Object(Illuminate\\Foundation\\Application), Array, Object(Closure))
#17 /Users/craigiswayne/code/spotlight/from-prod-by-mel-2023-01-19/Spotlight/vendor/laravel/framework/src/Illuminate/Container/Container.php(653): Illuminate\\Container\\BoundMethod::call(Object(Illuminate\\Foundation\\Application), Array, Array, NULL)
#18 /Users/craigiswayne/code/spotlight/from-prod-by-mel-2023-01-19/Spotlight/vendor/laravel/framework/src/Illuminate/Foundation/Application.php(924): Illuminate\\Container\\Container->call(Array)
#19 /Users/craigiswayne/code/spotlight/from-prod-by-mel-2023-01-19/Spotlight/vendor/laravel/framework/src/Illuminate/Foundation/Application.php(905): Illuminate\\Foundation\\Application->bootProvider(Object(Facade\\Ignition\\IgnitionServiceProvider))
#20 [internal function]: Illuminate\\Foundation\\Application->Illuminate\\Foundation\\{closure}(Object(Facade\\Ignition\\IgnitionServiceProvider), 15)
#21 /Users/craigiswayne/code/spotlight/from-prod-by-mel-2023-01-19/Spotlight/vendor/laravel/framework/src/Illuminate/Foundation/Application.php(906): array_walk(Array, Object(Closure))
#22 /Users/craigiswayne/code/spotlight/from-prod-by-mel-2023-01-19/Spotlight/vendor/laravel/framework/src/Illuminate/Foundation/Bootstrap/BootProviders.php(17): Illuminate\\Foundation\\Application->boot()
#23 /Users/craigiswayne/code/spotlight/from-prod-by-mel-2023-01-19/Spotlight/vendor/laravel/framework/src/Illuminate/Foundation/Application.php(237): Illuminate\\Foundation\\Bootstrap\\BootProviders->bootstrap(Object(Illuminate\\Foundation\\Application))
#24 /Users/craigiswayne/code/spotlight/from-prod-by-mel-2023-01-19/Spotlight/vendor/laravel/framework/src/Illuminate/Foundation/Console/Kernel.php(310): Illuminate\\Foundation\\Application->bootstrapWith(Array)
#25 /Users/craigiswayne/code/spotlight/from-prod-by-mel-2023-01-19/Spotlight/vendor/laravel/framework/src/Illuminate/Foundation/Console/Kernel.php(127): Illuminate\\Foundation\\Console\\Kernel->bootstrap()
#26 /Users/craigiswayne/code/spotlight/from-prod-by-mel-2023-01-19/Spotlight/artisan(69): Illuminate\\Foundation\\Console\\Kernel->handle(Object(Symfony\\Component\\Console\\Input\\ArgvInput), Object(Symfony\\Component\\Console\\Output\\ConsoleOutput))
#27 {main}
"} 
[2023-01-25 01:31:44] production.ERROR: Please provide a valid cache path. {"exception":"[object] (InvalidArgumentException(code: 0): Please provide a valid cache path. at /Users/craigiswayne/code/spotlight/from-prod-by-mel-2023-01-19/Spotlight/vendor/laravel/framework/src/Illuminate/View/Compilers/Compiler.php:36)
[stacktrace]
#0 /Users/craigiswayne/code/spotlight/from-prod-by-mel-2023-01-19/Spotlight/vendor/laravel/framework/src/Illuminate/View/ViewServiceProvider.php(88): Illuminate\\View\\Compilers\\Compiler->__construct(Object(Illuminate\\Filesystem\\Filesystem), false)
#1 /Users/craigiswayne/code/spotlight/from-prod-by-mel-2023-01-19/Spotlight/vendor/laravel/framework/src/Illuminate/Container/Container.php(873): Illuminate\\View\\ViewServiceProvider->Illuminate\\View\\{closure}(Object(Illuminate\\Foundation\\Application), Array)
#2 /Users/craigiswayne/code/spotlight/from-prod-by-mel-2023-01-19/Spotlight/vendor/laravel/framework/src/Illuminate/Container/Container.php(758): Illuminate\\Container\\Container->build(Object(Closure))
#3 /Users/craigiswayne/code/spotlight/from-prod-by-mel-2023-01-19/Spotlight/vendor/laravel/framework/src/Illuminate/Foundation/Application.php(851): Illuminate\\Container\\Container->resolve('blade.compiler', Array, true)
#4 /Users/craigiswayne/code/spotlight/from-prod-by-mel-2023-01-19/Spotlight/vendor/laravel/framework/src/Illuminate/Container/Container.php(694): Illuminate\\Foundation\\Application->resolve('blade.compiler', Array)
#5 /Users/craigiswayne/code/spotlight/from-prod-by-mel-2023-01-19/Spotlight/vendor/laravel/framework/src/Illuminate/Foundation/Application.php(836): Illuminate\\Container\\Container->make('blade.compiler', Array)
#6 /Users/craigiswayne/code/spotlight/from-prod-by-mel-2023-01-19/Spotlight/vendor/laravel/framework/src/Illuminate/Container/Container.php(1419): Illuminate\\Foundation\\Application->make('blade.compiler')
#7 /Users/craigiswayne/code/spotlight/from-prod-by-mel-2023-01-19/Spotlight/vendor/laravel/framework/src/Illuminate/View/ViewServiceProvider.php(150): Illuminate\\Container\\Container->offsetGet('blade.compiler')
#8 [internal function]: Illuminate\\View\\ViewServiceProvider->Illuminate\\View\\{closure}()
#9 /Users/craigiswayne/code/spotlight/from-prod-by-mel-2023-01-19/Spotlight/vendor/laravel/framework/src/Illuminate/View/Engines/EngineResolver.php(55): call_user_func(Object(Closure))
#10 /Users/craigiswayne/code/spotlight/from-prod-by-mel-2023-01-19/Spotlight/vendor/facade/ignition/src/IgnitionServiceProvider.php(467): Illuminate\\View\\Engines\\EngineResolver->resolve('blade')
#11 /Users/craigiswayne/code/spotlight/from-prod-by-mel-2023-01-19/Spotlight/vendor/facade/ignition/src/IgnitionServiceProvider.php(158): Facade\\Ignition\\IgnitionServiceProvider->hasCustomViewEnginesRegistered()
#12 /Users/craigiswayne/code/spotlight/from-prod-by-mel-2023-01-19/Spotlight/vendor/facade/ignition/src/IgnitionServiceProvider.php(101): Facade\\Ignition\\IgnitionServiceProvider->registerViewEngines()
#13 /Users/craigiswayne/code/spotlight/from-prod-by-mel-2023-01-19/Spotlight/vendor/laravel/framework/src/Illuminate/Container/BoundMethod.php(36): Facade\\Ignition\\IgnitionServiceProvider->boot()
#14 /Users/craigiswayne/code/spotlight/from-prod-by-mel-2023-01-19/Spotlight/vendor/laravel/framework/src/Illuminate/Container/Util.php(40): Illuminate\\Container\\BoundMethod::Illuminate\\Container\\{closure}()
#15 /Users/craigiswayne/code/spotlight/from-prod-by-mel-2023-01-19/Spotlight/vendor/laravel/framework/src/Illuminate/Container/BoundMethod.php(93): Illuminate\\Container\\Util::unwrapIfClosure(Object(Closure))
#16 /Users/craigiswayne/code/spotlight/from-prod-by-mel-2023-01-19/Spotlight/vendor/laravel/framework/src/Illuminate/Container/BoundMethod.php(37): Illuminate\\Container\\BoundMethod::callBoundMethod(Object(Illuminate\\Foundation\\Application), Array, Object(Closure))
#17 /Users/craigiswayne/code/spotlight/from-prod-by-mel-2023-01-19/Spotlight/vendor/laravel/framework/src/Illuminate/Container/Container.php(653): Illuminate\\Container\\BoundMethod::call(Object(Illuminate\\Foundation\\Application), Array, Array, NULL)
#18 /Users/craigiswayne/code/spotlight/from-prod-by-mel-2023-01-19/Spotlight/vendor/laravel/framework/src/Illuminate/Foundation/Application.php(924): Illuminate\\Container\\Container->call(Array)
#19 /Users/craigiswayne/code/spotlight/from-prod-by-mel-2023-01-19/Spotlight/vendor/laravel/framework/src/Illuminate/Foundation/Application.php(905): Illuminate\\Foundation\\Application->bootProvider(Object(Facade\\Ignition\\IgnitionServiceProvider))
#20 [internal function]: Illuminate\\Foundation\\Application->Illuminate\\Foundation\\{closure}(Object(Facade\\Ignition\\IgnitionServiceProvider), 15)
#21 /Users/craigiswayne/code/spotlight/from-prod-by-mel-2023-01-19/Spotlight/vendor/laravel/framework/src/Illuminate/Foundation/Application.php(906): array_walk(Array, Object(Closure))
#22 /Users/craigiswayne/code/spotlight/from-prod-by-mel-2023-01-19/Spotlight/vendor/laravel/framework/src/Illuminate/Foundation/Bootstrap/BootProviders.php(17): Illuminate\\Foundation\\Application->boot()
#23 /Users/craigiswayne/code/spotlight/from-prod-by-mel-2023-01-19/Spotlight/vendor/laravel/framework/src/Illuminate/Foundation/Application.php(237): Illuminate\\Foundation\\Bootstrap\\BootProviders->bootstrap(Object(Illuminate\\Foundation\\Application))
#24 /Users/craigiswayne/code/spotlight/from-prod-by-mel-2023-01-19/Spotlight/vendor/laravel/framework/src/Illuminate/Foundation/Console/Kernel.php(310): Illuminate\\Foundation\\Application->bootstrapWith(Array)
#25 /Users/craigiswayne/code/spotlight/from-prod-by-mel-2023-01-19/Spotlight/vendor/laravel/framework/src/Illuminate/Foundation/Console/Kernel.php(127): Illuminate\\Foundation\\Console\\Kernel->bootstrap()
#26 /Users/craigiswayne/code/spotlight/from-prod-by-mel-2023-01-19/Spotlight/artisan(69): Illuminate\\Foundation\\Console\\Kernel->handle(Object(Symfony\\Component\\Console\\Input\\ArgvInput), Object(Symfony\\Component\\Console\\Output\\ConsoleOutput))
#27 {main}
"} 
[2023-01-25 01:33:15] production.ERROR: chdir(): No such file or directory (errno 2) {"exception":"[object] (ErrorException(code: 0): chdir(): No such file or directory (errno 2) at /Users/craigiswayne/code/spotlight/from-prod-by-mel-2023-01-19/Spotlight/vendor/laravel/framework/src/Illuminate/Foundation/Console/ServeCommand.php:43)
[stacktrace]
#0 [internal function]: Illuminate\\Foundation\\Bootstrap\\HandleExceptions->handleError(2, 'chdir(): No suc...', '/Users/craigisw...', 43)
#1 /Users/craigiswayne/code/spotlight/from-prod-by-mel-2023-01-19/Spotlight/vendor/laravel/framework/src/Illuminate/Foundation/Console/ServeCommand.php(43): chdir('/Users/craigisw...')
#2 /Users/craigiswayne/code/spotlight/from-prod-by-mel-2023-01-19/Spotlight/vendor/laravel/framework/src/Illuminate/Container/BoundMethod.php(36): Illuminate\\Foundation\\Console\\ServeCommand->handle()
#3 /Users/craigiswayne/code/spotlight/from-prod-by-mel-2023-01-19/Spotlight/vendor/laravel/framework/src/Illuminate/Container/Util.php(40): Illuminate\\Container\\BoundMethod::Illuminate\\Container\\{closure}()
#4 /Users/craigiswayne/code/spotlight/from-prod-by-mel-2023-01-19/Spotlight/vendor/laravel/framework/src/Illuminate/Container/BoundMethod.php(93): Illuminate\\Container\\Util::unwrapIfClosure(Object(Closure))
#5 /Users/craigiswayne/code/spotlight/from-prod-by-mel-2023-01-19/Spotlight/vendor/laravel/framework/src/Illuminate/Container/BoundMethod.php(37): Illuminate\\Container\\BoundMethod::callBoundMethod(Object(Illuminate\\Foundation\\Application), Array, Object(Closure))
#6 /Users/craigiswayne/code/spotlight/from-prod-by-mel-2023-01-19/Spotlight/vendor/laravel/framework/src/Illuminate/Container/Container.php(653): Illuminate\\Container\\BoundMethod::call(Object(Illuminate\\Foundation\\Application), Array, Array, NULL)
#7 /Users/craigiswayne/code/spotlight/from-prod-by-mel-2023-01-19/Spotlight/vendor/laravel/framework/src/Illuminate/Console/Command.php(136): Illuminate\\Container\\Container->call(Array)
#8 /Users/craigiswayne/code/spotlight/from-prod-by-mel-2023-01-19/Spotlight/vendor/symfony/console/Command/Command.php(298): Illuminate\\Console\\Command->execute(Object(Symfony\\Component\\Console\\Input\\ArgvInput), Object(Illuminate\\Console\\OutputStyle))
#9 /Users/craigiswayne/code/spotlight/from-prod-by-mel-2023-01-19/Spotlight/vendor/laravel/framework/src/Illuminate/Console/Command.php(121): Symfony\\Component\\Console\\Command\\Command->run(Object(Symfony\\Component\\Console\\Input\\ArgvInput), Object(Illuminate\\Console\\OutputStyle))
#10 /Users/craigiswayne/code/spotlight/from-prod-by-mel-2023-01-19/Spotlight/vendor/symfony/console/Application.php(1015): Illuminate\\Console\\Command->run(Object(Symfony\\Component\\Console\\Input\\ArgvInput), Object(Symfony\\Component\\Console\\Output\\ConsoleOutput))
#11 /Users/craigiswayne/code/spotlight/from-prod-by-mel-2023-01-19/Spotlight/vendor/symfony/console/Application.php(299): Symfony\\Component\\Console\\Application->doRunCommand(Object(Illuminate\\Foundation\\Console\\ServeCommand), Object(Symfony\\Component\\Console\\Input\\ArgvInput), Object(Symfony\\Component\\Console\\Output\\ConsoleOutput))
#12 /Users/craigiswayne/code/spotlight/from-prod-by-mel-2023-01-19/Spotlight/vendor/symfony/console/Application.php(171): Symfony\\Component\\Console\\Application->doRun(Object(Symfony\\Component\\Console\\Input\\ArgvInput), Object(Symfony\\Component\\Console\\Output\\ConsoleOutput))
#13 /Users/craigiswayne/code/spotlight/from-prod-by-mel-2023-01-19/Spotlight/vendor/laravel/framework/src/Illuminate/Console/Application.php(94): Symfony\\Component\\Console\\Application->run(Object(Symfony\\Component\\Console\\Input\\ArgvInput), Object(Symfony\\Component\\Console\\Output\\ConsoleOutput))
#14 /Users/craigiswayne/code/spotlight/from-prod-by-mel-2023-01-19/Spotlight/vendor/laravel/framework/src/Illuminate/Foundation/Console/Kernel.php(129): Illuminate\\Console\\Application->run(Object(Symfony\\Component\\Console\\Input\\ArgvInput), Object(Symfony\\Component\\Console\\Output\\ConsoleOutput))
#15 /Users/craigiswayne/code/spotlight/from-prod-by-mel-2023-01-19/Spotlight/artisan(69): Illuminate\\Foundation\\Console\\Kernel->handle(Object(Symfony\\Component\\Console\\Input\\ArgvInput), Object(Symfony\\Component\\Console\\Output\\ConsoleOutput))
#16 {main}
"} 
[2023-01-25 01:34:31] production.ERROR: chdir(): No such file or directory (errno 2) {"exception":"[object] (ErrorException(code: 0): chdir(): No such file or directory (errno 2) at /Users/craigiswayne/code/spotlight/from-prod-by-mel-2023-01-19/Spotlight/vendor/laravel/framework/src/Illuminate/Foundation/Console/ServeCommand.php:43)
[stacktrace]
#0 [internal function]: Illuminate\\Foundation\\Bootstrap\\HandleExceptions->handleError(2, 'chdir(): No suc...', '/Users/craigisw...', 43)
#1 /Users/craigiswayne/code/spotlight/from-prod-by-mel-2023-01-19/Spotlight/vendor/laravel/framework/src/Illuminate/Foundation/Console/ServeCommand.php(43): chdir('/Users/craigisw...')
#2 /Users/craigiswayne/code/spotlight/from-prod-by-mel-2023-01-19/Spotlight/vendor/laravel/framework/src/Illuminate/Container/BoundMethod.php(36): Illuminate\\Foundation\\Console\\ServeCommand->handle()
#3 /Users/craigiswayne/code/spotlight/from-prod-by-mel-2023-01-19/Spotlight/vendor/laravel/framework/src/Illuminate/Container/Util.php(40): Illuminate\\Container\\BoundMethod::Illuminate\\Container\\{closure}()
#4 /Users/craigiswayne/code/spotlight/from-prod-by-mel-2023-01-19/Spotlight/vendor/laravel/framework/src/Illuminate/Container/BoundMethod.php(93): Illuminate\\Container\\Util::unwrapIfClosure(Object(Closure))
#5 /Users/craigiswayne/code/spotlight/from-prod-by-mel-2023-01-19/Spotlight/vendor/laravel/framework/src/Illuminate/Container/BoundMethod.php(37): Illuminate\\Container\\BoundMethod::callBoundMethod(Object(Illuminate\\Foundation\\Application), Array, Object(Closure))
#6 /Users/craigiswayne/code/spotlight/from-prod-by-mel-2023-01-19/Spotlight/vendor/laravel/framework/src/Illuminate/Container/Container.php(653): Illuminate\\Container\\BoundMethod::call(Object(Illuminate\\Foundation\\Application), Array, Array, NULL)
#7 /Users/craigiswayne/code/spotlight/from-prod-by-mel-2023-01-19/Spotlight/vendor/laravel/framework/src/Illuminate/Console/Command.php(136): Illuminate\\Container\\Container->call(Array)
#8 /Users/craigiswayne/code/spotlight/from-prod-by-mel-2023-01-19/Spotlight/vendor/symfony/console/Command/Command.php(298): Illuminate\\Console\\Command->execute(Object(Symfony\\Component\\Console\\Input\\ArgvInput), Object(Illuminate\\Console\\OutputStyle))
#9 /Users/craigiswayne/code/spotlight/from-prod-by-mel-2023-01-19/Spotlight/vendor/laravel/framework/src/Illuminate/Console/Command.php(121): Symfony\\Component\\Console\\Command\\Command->run(Object(Symfony\\Component\\Console\\Input\\ArgvInput), Object(Illuminate\\Console\\OutputStyle))
#10 /Users/craigiswayne/code/spotlight/from-prod-by-mel-2023-01-19/Spotlight/vendor/symfony/console/Application.php(1015): Illuminate\\Console\\Command->run(Object(Symfony\\Component\\Console\\Input\\ArgvInput), Object(Symfony\\Component\\Console\\Output\\ConsoleOutput))
#11 /Users/craigiswayne/code/spotlight/from-prod-by-mel-2023-01-19/Spotlight/vendor/symfony/console/Application.php(299): Symfony\\Component\\Console\\Application->doRunCommand(Object(Illuminate\\Foundation\\Console\\ServeCommand), Object(Symfony\\Component\\Console\\Input\\ArgvInput), Object(Symfony\\Component\\Console\\Output\\ConsoleOutput))
#12 /Users/craigiswayne/code/spotlight/from-prod-by-mel-2023-01-19/Spotlight/vendor/symfony/console/Application.php(171): Symfony\\Component\\Console\\Application->doRun(Object(Symfony\\Component\\Console\\Input\\ArgvInput), Object(Symfony\\Component\\Console\\Output\\ConsoleOutput))
#13 /Users/craigiswayne/code/spotlight/from-prod-by-mel-2023-01-19/Spotlight/vendor/laravel/framework/src/Illuminate/Console/Application.php(94): Symfony\\Component\\Console\\Application->run(Object(Symfony\\Component\\Console\\Input\\ArgvInput), Object(Symfony\\Component\\Console\\Output\\ConsoleOutput))
#14 /Users/craigiswayne/code/spotlight/from-prod-by-mel-2023-01-19/Spotlight/vendor/laravel/framework/src/Illuminate/Foundation/Console/Kernel.php(129): Illuminate\\Console\\Application->run(Object(Symfony\\Component\\Console\\Input\\ArgvInput), Object(Symfony\\Component\\Console\\Output\\ConsoleOutput))
#15 /Users/craigiswayne/code/spotlight/from-prod-by-mel-2023-01-19/Spotlight/artisan(69): Illuminate\\Foundation\\Console\\Kernel->handle(Object(Symfony\\Component\\Console\\Input\\ArgvInput), Object(Symfony\\Component\\Console\\Output\\ConsoleOutput))
#16 {main}
"} 
[2023-01-25 01:34:47] production.ERROR: chdir(): No such file or directory (errno 2) {"exception":"[object] (ErrorException(code: 0): chdir(): No such file or directory (errno 2) at /Users/craigiswayne/code/spotlight/from-prod-by-mel-2023-01-19/Spotlight/vendor/laravel/framework/src/Illuminate/Foundation/Console/ServeCommand.php:43)
[stacktrace]
#0 [internal function]: Illuminate\\Foundation\\Bootstrap\\HandleExceptions->handleError(2, 'chdir(): No suc...', '/Users/craigisw...', 43)
#1 /Users/craigiswayne/code/spotlight/from-prod-by-mel-2023-01-19/Spotlight/vendor/laravel/framework/src/Illuminate/Foundation/Console/ServeCommand.php(43): chdir('/Users/craigisw...')
#2 /Users/craigiswayne/code/spotlight/from-prod-by-mel-2023-01-19/Spotlight/vendor/laravel/framework/src/Illuminate/Container/BoundMethod.php(36): Illuminate\\Foundation\\Console\\ServeCommand->handle()
#3 /Users/craigiswayne/code/spotlight/from-prod-by-mel-2023-01-19/Spotlight/vendor/laravel/framework/src/Illuminate/Container/Util.php(40): Illuminate\\Container\\BoundMethod::Illuminate\\Container\\{closure}()
#4 /Users/craigiswayne/code/spotlight/from-prod-by-mel-2023-01-19/Spotlight/vendor/laravel/framework/src/Illuminate/Container/BoundMethod.php(93): Illuminate\\Container\\Util::unwrapIfClosure(Object(Closure))
#5 /Users/craigiswayne/code/spotlight/from-prod-by-mel-2023-01-19/Spotlight/vendor/laravel/framework/src/Illuminate/Container/BoundMethod.php(37): Illuminate\\Container\\BoundMethod::callBoundMethod(Object(Illuminate\\Foundation\\Application), Array, Object(Closure))
#6 /Users/craigiswayne/code/spotlight/from-prod-by-mel-2023-01-19/Spotlight/vendor/laravel/framework/src/Illuminate/Container/Container.php(653): Illuminate\\Container\\BoundMethod::call(Object(Illuminate\\Foundation\\Application), Array, Array, NULL)
#7 /Users/craigiswayne/code/spotlight/from-prod-by-mel-2023-01-19/Spotlight/vendor/laravel/framework/src/Illuminate/Console/Command.php(136): Illuminate\\Container\\Container->call(Array)
#8 /Users/craigiswayne/code/spotlight/from-prod-by-mel-2023-01-19/Spotlight/vendor/symfony/console/Command/Command.php(298): Illuminate\\Console\\Command->execute(Object(Symfony\\Component\\Console\\Input\\ArgvInput), Object(Illuminate\\Console\\OutputStyle))
#9 /Users/craigiswayne/code/spotlight/from-prod-by-mel-2023-01-19/Spotlight/vendor/laravel/framework/src/Illuminate/Console/Command.php(121): Symfony\\Component\\Console\\Command\\Command->run(Object(Symfony\\Component\\Console\\Input\\ArgvInput), Object(Illuminate\\Console\\OutputStyle))
#10 /Users/craigiswayne/code/spotlight/from-prod-by-mel-2023-01-19/Spotlight/vendor/symfony/console/Application.php(1015): Illuminate\\Console\\Command->run(Object(Symfony\\Component\\Console\\Input\\ArgvInput), Object(Symfony\\Component\\Console\\Output\\ConsoleOutput))
#11 /Users/craigiswayne/code/spotlight/from-prod-by-mel-2023-01-19/Spotlight/vendor/symfony/console/Application.php(299): Symfony\\Component\\Console\\Application->doRunCommand(Object(Illuminate\\Foundation\\Console\\ServeCommand), Object(Symfony\\Component\\Console\\Input\\ArgvInput), Object(Symfony\\Component\\Console\\Output\\ConsoleOutput))
#12 /Users/craigiswayne/code/spotlight/from-prod-by-mel-2023-01-19/Spotlight/vendor/symfony/console/Application.php(171): Symfony\\Component\\Console\\Application->doRun(Object(Symfony\\Component\\Console\\Input\\ArgvInput), Object(Symfony\\Component\\Console\\Output\\ConsoleOutput))
#13 /Users/craigiswayne/code/spotlight/from-prod-by-mel-2023-01-19/Spotlight/vendor/laravel/framework/src/Illuminate/Console/Application.php(94): Symfony\\Component\\Console\\Application->run(Object(Symfony\\Component\\Console\\Input\\ArgvInput), Object(Symfony\\Component\\Console\\Output\\ConsoleOutput))
#14 /Users/craigiswayne/code/spotlight/from-prod-by-mel-2023-01-19/Spotlight/vendor/laravel/framework/src/Illuminate/Foundation/Console/Kernel.php(129): Illuminate\\Console\\Application->run(Object(Symfony\\Component\\Console\\Input\\ArgvInput), Object(Symfony\\Component\\Console\\Output\\ConsoleOutput))
#15 /Users/craigiswayne/code/spotlight/from-prod-by-mel-2023-01-19/Spotlight/artisan(69): Illuminate\\Foundation\\Console\\Kernel->handle(Object(Symfony\\Component\\Console\\Input\\ArgvInput), Object(Symfony\\Component\\Console\\Output\\ConsoleOutput))
#16 {main}
"} 
[2023-01-25 01:35:33] production.ERROR: chdir(): No such file or directory (errno 2) {"exception":"[object] (ErrorException(code: 0): chdir(): No such file or directory (errno 2) at /Users/craigiswayne/code/spotlight/from-prod-by-mel-2023-01-19/Spotlight/vendor/laravel/framework/src/Illuminate/Foundation/Console/ServeCommand.php:43)
[stacktrace]
#0 [internal function]: Illuminate\\Foundation\\Bootstrap\\HandleExceptions->handleError(2, 'chdir(): No suc...', '/Users/craigisw...', 43)
#1 /Users/craigiswayne/code/spotlight/from-prod-by-mel-2023-01-19/Spotlight/vendor/laravel/framework/src/Illuminate/Foundation/Console/ServeCommand.php(43): chdir('/Users/craigisw...')
#2 /Users/craigiswayne/code/spotlight/from-prod-by-mel-2023-01-19/Spotlight/vendor/laravel/framework/src/Illuminate/Container/BoundMethod.php(36): Illuminate\\Foundation\\Console\\ServeCommand->handle()
#3 /Users/craigiswayne/code/spotlight/from-prod-by-mel-2023-01-19/Spotlight/vendor/laravel/framework/src/Illuminate/Container/Util.php(40): Illuminate\\Container\\BoundMethod::Illuminate\\Container\\{closure}()
#4 /Users/craigiswayne/code/spotlight/from-prod-by-mel-2023-01-19/Spotlight/vendor/laravel/framework/src/Illuminate/Container/BoundMethod.php(93): Illuminate\\Container\\Util::unwrapIfClosure(Object(Closure))
#5 /Users/craigiswayne/code/spotlight/from-prod-by-mel-2023-01-19/Spotlight/vendor/laravel/framework/src/Illuminate/Container/BoundMethod.php(37): Illuminate\\Container\\BoundMethod::callBoundMethod(Object(Illuminate\\Foundation\\Application), Array, Object(Closure))
#6 /Users/craigiswayne/code/spotlight/from-prod-by-mel-2023-01-19/Spotlight/vendor/laravel/framework/src/Illuminate/Container/Container.php(653): Illuminate\\Container\\BoundMethod::call(Object(Illuminate\\Foundation\\Application), Array, Array, NULL)
#7 /Users/craigiswayne/code/spotlight/from-prod-by-mel-2023-01-19/Spotlight/vendor/laravel/framework/src/Illuminate/Console/Command.php(136): Illuminate\\Container\\Container->call(Array)
#8 /Users/craigiswayne/code/spotlight/from-prod-by-mel-2023-01-19/Spotlight/vendor/symfony/console/Command/Command.php(298): Illuminate\\Console\\Command->execute(Object(Symfony\\Component\\Console\\Input\\ArgvInput), Object(Illuminate\\Console\\OutputStyle))
#9 /Users/craigiswayne/code/spotlight/from-prod-by-mel-2023-01-19/Spotlight/vendor/laravel/framework/src/Illuminate/Console/Command.php(121): Symfony\\Component\\Console\\Command\\Command->run(Object(Symfony\\Component\\Console\\Input\\ArgvInput), Object(Illuminate\\Console\\OutputStyle))
#10 /Users/craigiswayne/code/spotlight/from-prod-by-mel-2023-01-19/Spotlight/vendor/symfony/console/Application.php(1015): Illuminate\\Console\\Command->run(Object(Symfony\\Component\\Console\\Input\\ArgvInput), Object(Symfony\\Component\\Console\\Output\\ConsoleOutput))
#11 /Users/craigiswayne/code/spotlight/from-prod-by-mel-2023-01-19/Spotlight/vendor/symfony/console/Application.php(299): Symfony\\Component\\Console\\Application->doRunCommand(Object(Illuminate\\Foundation\\Console\\ServeCommand), Object(Symfony\\Component\\Console\\Input\\ArgvInput), Object(Symfony\\Component\\Console\\Output\\ConsoleOutput))
#12 /Users/craigiswayne/code/spotlight/from-prod-by-mel-2023-01-19/Spotlight/vendor/symfony/console/Application.php(171): Symfony\\Component\\Console\\Application->doRun(Object(Symfony\\Component\\Console\\Input\\ArgvInput), Object(Symfony\\Component\\Console\\Output\\ConsoleOutput))
#13 /Users/craigiswayne/code/spotlight/from-prod-by-mel-2023-01-19/Spotlight/vendor/laravel/framework/src/Illuminate/Console/Application.php(94): Symfony\\Component\\Console\\Application->run(Object(Symfony\\Component\\Console\\Input\\ArgvInput), Object(Symfony\\Component\\Console\\Output\\ConsoleOutput))
#14 /Users/craigiswayne/code/spotlight/from-prod-by-mel-2023-01-19/Spotlight/vendor/laravel/framework/src/Illuminate/Foundation/Console/Kernel.php(129): Illuminate\\Console\\Application->run(Object(Symfony\\Component\\Console\\Input\\ArgvInput), Object(Symfony\\Component\\Console\\Output\\ConsoleOutput))
#15 /Users/craigiswayne/code/spotlight/from-prod-by-mel-2023-01-19/Spotlight/artisan(69): Illuminate\\Foundation\\Console\\Kernel->handle(Object(Symfony\\Component\\Console\\Input\\ArgvInput), Object(Symfony\\Component\\Console\\Output\\ConsoleOutput))
#16 {main}
"} 
[2023-01-25 01:35:37] production.ERROR: chdir(): No such file or directory (errno 2) {"exception":"[object] (ErrorException(code: 0): chdir(): No such file or directory (errno 2) at /Users/craigiswayne/code/spotlight/from-prod-by-mel-2023-01-19/Spotlight/vendor/laravel/framework/src/Illuminate/Foundation/Console/ServeCommand.php:43)
[stacktrace]
#0 [internal function]: Illuminate\\Foundation\\Bootstrap\\HandleExceptions->handleError(2, 'chdir(): No suc...', '/Users/craigisw...', 43)
#1 /Users/craigiswayne/code/spotlight/from-prod-by-mel-2023-01-19/Spotlight/vendor/laravel/framework/src/Illuminate/Foundation/Console/ServeCommand.php(43): chdir('/Users/craigisw...')
#2 /Users/craigiswayne/code/spotlight/from-prod-by-mel-2023-01-19/Spotlight/vendor/laravel/framework/src/Illuminate/Container/BoundMethod.php(36): Illuminate\\Foundation\\Console\\ServeCommand->handle()
#3 /Users/craigiswayne/code/spotlight/from-prod-by-mel-2023-01-19/Spotlight/vendor/laravel/framework/src/Illuminate/Container/Util.php(40): Illuminate\\Container\\BoundMethod::Illuminate\\Container\\{closure}()
#4 /Users/craigiswayne/code/spotlight/from-prod-by-mel-2023-01-19/Spotlight/vendor/laravel/framework/src/Illuminate/Container/BoundMethod.php(93): Illuminate\\Container\\Util::unwrapIfClosure(Object(Closure))
#5 /Users/craigiswayne/code/spotlight/from-prod-by-mel-2023-01-19/Spotlight/vendor/laravel/framework/src/Illuminate/Container/BoundMethod.php(37): Illuminate\\Container\\BoundMethod::callBoundMethod(Object(Illuminate\\Foundation\\Application), Array, Object(Closure))
#6 /Users/craigiswayne/code/spotlight/from-prod-by-mel-2023-01-19/Spotlight/vendor/laravel/framework/src/Illuminate/Container/Container.php(653): Illuminate\\Container\\BoundMethod::call(Object(Illuminate\\Foundation\\Application), Array, Array, NULL)
#7 /Users/craigiswayne/code/spotlight/from-prod-by-mel-2023-01-19/Spotlight/vendor/laravel/framework/src/Illuminate/Console/Command.php(136): Illuminate\\Container\\Container->call(Array)
#8 /Users/craigiswayne/code/spotlight/from-prod-by-mel-2023-01-19/Spotlight/vendor/symfony/console/Command/Command.php(298): Illuminate\\Console\\Command->execute(Object(Symfony\\Component\\Console\\Input\\ArgvInput), Object(Illuminate\\Console\\OutputStyle))
#9 /Users/craigiswayne/code/spotlight/from-prod-by-mel-2023-01-19/Spotlight/vendor/laravel/framework/src/Illuminate/Console/Command.php(121): Symfony\\Component\\Console\\Command\\Command->run(Object(Symfony\\Component\\Console\\Input\\ArgvInput), Object(Illuminate\\Console\\OutputStyle))
#10 /Users/craigiswayne/code/spotlight/from-prod-by-mel-2023-01-19/Spotlight/vendor/symfony/console/Application.php(1015): Illuminate\\Console\\Command->run(Object(Symfony\\Component\\Console\\Input\\ArgvInput), Object(Symfony\\Component\\Console\\Output\\ConsoleOutput))
#11 /Users/craigiswayne/code/spotlight/from-prod-by-mel-2023-01-19/Spotlight/vendor/symfony/console/Application.php(299): Symfony\\Component\\Console\\Application->doRunCommand(Object(Illuminate\\Foundation\\Console\\ServeCommand), Object(Symfony\\Component\\Console\\Input\\ArgvInput), Object(Symfony\\Component\\Console\\Output\\ConsoleOutput))
#12 /Users/craigiswayne/code/spotlight/from-prod-by-mel-2023-01-19/Spotlight/vendor/symfony/console/Application.php(171): Symfony\\Component\\Console\\Application->doRun(Object(Symfony\\Component\\Console\\Input\\ArgvInput), Object(Symfony\\Component\\Console\\Output\\ConsoleOutput))
#13 /Users/craigiswayne/code/spotlight/from-prod-by-mel-2023-01-19/Spotlight/vendor/laravel/framework/src/Illuminate/Console/Application.php(94): Symfony\\Component\\Console\\Application->run(Object(Symfony\\Component\\Console\\Input\\ArgvInput), Object(Symfony\\Component\\Console\\Output\\ConsoleOutput))
#14 /Users/craigiswayne/code/spotlight/from-prod-by-mel-2023-01-19/Spotlight/vendor/laravel/framework/src/Illuminate/Foundation/Console/Kernel.php(129): Illuminate\\Console\\Application->run(Object(Symfony\\Component\\Console\\Input\\ArgvInput), Object(Symfony\\Component\\Console\\Output\\ConsoleOutput))
#15 /Users/craigiswayne/code/spotlight/from-prod-by-mel-2023-01-19/Spotlight/artisan(69): Illuminate\\Foundation\\Console\\Kernel->handle(Object(Symfony\\Component\\Console\\Input\\ArgvInput), Object(Symfony\\Component\\Console\\Output\\ConsoleOutput))
#16 {main}
"} 
[2023-01-25 01:35:58] production.ERROR: chdir(): No such file or directory (errno 2) {"exception":"[object] (ErrorException(code: 0): chdir(): No such file or directory (errno 2) at /Users/craigiswayne/code/spotlight/from-prod-by-mel-2023-01-19/Spotlight/vendor/laravel/framework/src/Illuminate/Foundation/Console/ServeCommand.php:43)
[stacktrace]
#0 [internal function]: Illuminate\\Foundation\\Bootstrap\\HandleExceptions->handleError(2, 'chdir(): No suc...', '/Users/craigisw...', 43)
#1 /Users/craigiswayne/code/spotlight/from-prod-by-mel-2023-01-19/Spotlight/vendor/laravel/framework/src/Illuminate/Foundation/Console/ServeCommand.php(43): chdir('/Users/craigisw...')
#2 /Users/craigiswayne/code/spotlight/from-prod-by-mel-2023-01-19/Spotlight/vendor/laravel/framework/src/Illuminate/Container/BoundMethod.php(36): Illuminate\\Foundation\\Console\\ServeCommand->handle()
#3 /Users/craigiswayne/code/spotlight/from-prod-by-mel-2023-01-19/Spotlight/vendor/laravel/framework/src/Illuminate/Container/Util.php(40): Illuminate\\Container\\BoundMethod::Illuminate\\Container\\{closure}()
#4 /Users/craigiswayne/code/spotlight/from-prod-by-mel-2023-01-19/Spotlight/vendor/laravel/framework/src/Illuminate/Container/BoundMethod.php(93): Illuminate\\Container\\Util::unwrapIfClosure(Object(Closure))
#5 /Users/craigiswayne/code/spotlight/from-prod-by-mel-2023-01-19/Spotlight/vendor/laravel/framework/src/Illuminate/Container/BoundMethod.php(37): Illuminate\\Container\\BoundMethod::callBoundMethod(Object(Illuminate\\Foundation\\Application), Array, Object(Closure))
#6 /Users/craigiswayne/code/spotlight/from-prod-by-mel-2023-01-19/Spotlight/vendor/laravel/framework/src/Illuminate/Container/Container.php(653): Illuminate\\Container\\BoundMethod::call(Object(Illuminate\\Foundation\\Application), Array, Array, NULL)
#7 /Users/craigiswayne/code/spotlight/from-prod-by-mel-2023-01-19/Spotlight/vendor/laravel/framework/src/Illuminate/Console/Command.php(136): Illuminate\\Container\\Container->call(Array)
#8 /Users/craigiswayne/code/spotlight/from-prod-by-mel-2023-01-19/Spotlight/vendor/symfony/console/Command/Command.php(298): Illuminate\\Console\\Command->execute(Object(Symfony\\Component\\Console\\Input\\ArgvInput), Object(Illuminate\\Console\\OutputStyle))
#9 /Users/craigiswayne/code/spotlight/from-prod-by-mel-2023-01-19/Spotlight/vendor/laravel/framework/src/Illuminate/Console/Command.php(121): Symfony\\Component\\Console\\Command\\Command->run(Object(Symfony\\Component\\Console\\Input\\ArgvInput), Object(Illuminate\\Console\\OutputStyle))
#10 /Users/craigiswayne/code/spotlight/from-prod-by-mel-2023-01-19/Spotlight/vendor/symfony/console/Application.php(1015): Illuminate\\Console\\Command->run(Object(Symfony\\Component\\Console\\Input\\ArgvInput), Object(Symfony\\Component\\Console\\Output\\ConsoleOutput))
#11 /Users/craigiswayne/code/spotlight/from-prod-by-mel-2023-01-19/Spotlight/vendor/symfony/console/Application.php(299): Symfony\\Component\\Console\\Application->doRunCommand(Object(Illuminate\\Foundation\\Console\\ServeCommand), Object(Symfony\\Component\\Console\\Input\\ArgvInput), Object(Symfony\\Component\\Console\\Output\\ConsoleOutput))
#12 /Users/craigiswayne/code/spotlight/from-prod-by-mel-2023-01-19/Spotlight/vendor/symfony/console/Application.php(171): Symfony\\Component\\Console\\Application->doRun(Object(Symfony\\Component\\Console\\Input\\ArgvInput), Object(Symfony\\Component\\Console\\Output\\ConsoleOutput))
#13 /Users/craigiswayne/code/spotlight/from-prod-by-mel-2023-01-19/Spotlight/vendor/laravel/framework/src/Illuminate/Console/Application.php(94): Symfony\\Component\\Console\\Application->run(Object(Symfony\\Component\\Console\\Input\\ArgvInput), Object(Symfony\\Component\\Console\\Output\\ConsoleOutput))
#14 /Users/craigiswayne/code/spotlight/from-prod-by-mel-2023-01-19/Spotlight/vendor/laravel/framework/src/Illuminate/Foundation/Console/Kernel.php(129): Illuminate\\Console\\Application->run(Object(Symfony\\Component\\Console\\Input\\ArgvInput), Object(Symfony\\Component\\Console\\Output\\ConsoleOutput))
#15 /Users/craigiswayne/code/spotlight/from-prod-by-mel-2023-01-19/Spotlight/artisan(69): Illuminate\\Foundation\\Console\\Kernel->handle(Object(Symfony\\Component\\Console\\Input\\ArgvInput), Object(Symfony\\Component\\Console\\Output\\ConsoleOutput))
#16 {main}
"} 
[2023-01-25 01:36:35] production.ERROR: chdir(): No such file or directory (errno 2) {"exception":"[object] (ErrorException(code: 0): chdir(): No such file or directory (errno 2) at /Users/craigiswayne/code/spotlight/from-prod-by-mel-2023-01-19/Spotlight/vendor/laravel/framework/src/Illuminate/Foundation/Console/ServeCommand.php:43)
[stacktrace]
#0 [internal function]: Illuminate\\Foundation\\Bootstrap\\HandleExceptions->handleError(2, 'chdir(): No suc...', '/Users/craigisw...', 43)
#1 /Users/craigiswayne/code/spotlight/from-prod-by-mel-2023-01-19/Spotlight/vendor/laravel/framework/src/Illuminate/Foundation/Console/ServeCommand.php(43): chdir('/Users/craigisw...')
#2 /Users/craigiswayne/code/spotlight/from-prod-by-mel-2023-01-19/Spotlight/vendor/laravel/framework/src/Illuminate/Container/BoundMethod.php(36): Illuminate\\Foundation\\Console\\ServeCommand->handle()
#3 /Users/craigiswayne/code/spotlight/from-prod-by-mel-2023-01-19/Spotlight/vendor/laravel/framework/src/Illuminate/Container/Util.php(40): Illuminate\\Container\\BoundMethod::Illuminate\\Container\\{closure}()
#4 /Users/craigiswayne/code/spotlight/from-prod-by-mel-2023-01-19/Spotlight/vendor/laravel/framework/src/Illuminate/Container/BoundMethod.php(93): Illuminate\\Container\\Util::unwrapIfClosure(Object(Closure))
#5 /Users/craigiswayne/code/spotlight/from-prod-by-mel-2023-01-19/Spotlight/vendor/laravel/framework/src/Illuminate/Container/BoundMethod.php(37): Illuminate\\Container\\BoundMethod::callBoundMethod(Object(Illuminate\\Foundation\\Application), Array, Object(Closure))
#6 /Users/craigiswayne/code/spotlight/from-prod-by-mel-2023-01-19/Spotlight/vendor/laravel/framework/src/Illuminate/Container/Container.php(653): Illuminate\\Container\\BoundMethod::call(Object(Illuminate\\Foundation\\Application), Array, Array, NULL)
#7 /Users/craigiswayne/code/spotlight/from-prod-by-mel-2023-01-19/Spotlight/vendor/laravel/framework/src/Illuminate/Console/Command.php(136): Illuminate\\Container\\Container->call(Array)
#8 /Users/craigiswayne/code/spotlight/from-prod-by-mel-2023-01-19/Spotlight/vendor/symfony/console/Command/Command.php(298): Illuminate\\Console\\Command->execute(Object(Symfony\\Component\\Console\\Input\\ArgvInput), Object(Illuminate\\Console\\OutputStyle))
#9 /Users/craigiswayne/code/spotlight/from-prod-by-mel-2023-01-19/Spotlight/vendor/laravel/framework/src/Illuminate/Console/Command.php(121): Symfony\\Component\\Console\\Command\\Command->run(Object(Symfony\\Component\\Console\\Input\\ArgvInput), Object(Illuminate\\Console\\OutputStyle))
#10 /Users/craigiswayne/code/spotlight/from-prod-by-mel-2023-01-19/Spotlight/vendor/symfony/console/Application.php(1015): Illuminate\\Console\\Command->run(Object(Symfony\\Component\\Console\\Input\\ArgvInput), Object(Symfony\\Component\\Console\\Output\\ConsoleOutput))
#11 /Users/craigiswayne/code/spotlight/from-prod-by-mel-2023-01-19/Spotlight/vendor/symfony/console/Application.php(299): Symfony\\Component\\Console\\Application->doRunCommand(Object(Illuminate\\Foundation\\Console\\ServeCommand), Object(Symfony\\Component\\Console\\Input\\ArgvInput), Object(Symfony\\Component\\Console\\Output\\ConsoleOutput))
#12 /Users/craigiswayne/code/spotlight/from-prod-by-mel-2023-01-19/Spotlight/vendor/symfony/console/Application.php(171): Symfony\\Component\\Console\\Application->doRun(Object(Symfony\\Component\\Console\\Input\\ArgvInput), Object(Symfony\\Component\\Console\\Output\\ConsoleOutput))
#13 /Users/craigiswayne/code/spotlight/from-prod-by-mel-2023-01-19/Spotlight/vendor/laravel/framework/src/Illuminate/Console/Application.php(94): Symfony\\Component\\Console\\Application->run(Object(Symfony\\Component\\Console\\Input\\ArgvInput), Object(Symfony\\Component\\Console\\Output\\ConsoleOutput))
#14 /Users/craigiswayne/code/spotlight/from-prod-by-mel-2023-01-19/Spotlight/vendor/laravel/framework/src/Illuminate/Foundation/Console/Kernel.php(129): Illuminate\\Console\\Application->run(Object(Symfony\\Component\\Console\\Input\\ArgvInput), Object(Symfony\\Component\\Console\\Output\\ConsoleOutput))
#15 /Users/craigiswayne/code/spotlight/from-prod-by-mel-2023-01-19/Spotlight/artisan(69): Illuminate\\Foundation\\Console\\Kernel->handle(Object(Symfony\\Component\\Console\\Input\\ArgvInput), Object(Symfony\\Component\\Console\\Output\\ConsoleOutput))
#16 {main}
"} 
[2023-01-25 01:37:01] production.ERROR: chdir(): No such file or directory (errno 2) {"exception":"[object] (ErrorException(code: 0): chdir(): No such file or directory (errno 2) at /Users/craigiswayne/code/spotlight/from-prod-by-mel-2023-01-19/Spotlight/vendor/laravel/framework/src/Illuminate/Foundation/Console/ServeCommand.php:43)
[stacktrace]
#0 [internal function]: Illuminate\\Foundation\\Bootstrap\\HandleExceptions->handleError(2, 'chdir(): No suc...', '/Users/craigisw...', 43)
#1 /Users/craigiswayne/code/spotlight/from-prod-by-mel-2023-01-19/Spotlight/vendor/laravel/framework/src/Illuminate/Foundation/Console/ServeCommand.php(43): chdir('/Users/craigisw...')
#2 /Users/craigiswayne/code/spotlight/from-prod-by-mel-2023-01-19/Spotlight/vendor/laravel/framework/src/Illuminate/Container/BoundMethod.php(36): Illuminate\\Foundation\\Console\\ServeCommand->handle()
#3 /Users/craigiswayne/code/spotlight/from-prod-by-mel-2023-01-19/Spotlight/vendor/laravel/framework/src/Illuminate/Container/Util.php(40): Illuminate\\Container\\BoundMethod::Illuminate\\Container\\{closure}()
#4 /Users/craigiswayne/code/spotlight/from-prod-by-mel-2023-01-19/Spotlight/vendor/laravel/framework/src/Illuminate/Container/BoundMethod.php(93): Illuminate\\Container\\Util::unwrapIfClosure(Object(Closure))
#5 /Users/craigiswayne/code/spotlight/from-prod-by-mel-2023-01-19/Spotlight/vendor/laravel/framework/src/Illuminate/Container/BoundMethod.php(37): Illuminate\\Container\\BoundMethod::callBoundMethod(Object(Illuminate\\Foundation\\Application), Array, Object(Closure))
#6 /Users/craigiswayne/code/spotlight/from-prod-by-mel-2023-01-19/Spotlight/vendor/laravel/framework/src/Illuminate/Container/Container.php(653): Illuminate\\Container\\BoundMethod::call(Object(Illuminate\\Foundation\\Application), Array, Array, NULL)
#7 /Users/craigiswayne/code/spotlight/from-prod-by-mel-2023-01-19/Spotlight/vendor/laravel/framework/src/Illuminate/Console/Command.php(136): Illuminate\\Container\\Container->call(Array)
#8 /Users/craigiswayne/code/spotlight/from-prod-by-mel-2023-01-19/Spotlight/vendor/symfony/console/Command/Command.php(298): Illuminate\\Console\\Command->execute(Object(Symfony\\Component\\Console\\Input\\ArgvInput), Object(Illuminate\\Console\\OutputStyle))
#9 /Users/craigiswayne/code/spotlight/from-prod-by-mel-2023-01-19/Spotlight/vendor/laravel/framework/src/Illuminate/Console/Command.php(121): Symfony\\Component\\Console\\Command\\Command->run(Object(Symfony\\Component\\Console\\Input\\ArgvInput), Object(Illuminate\\Console\\OutputStyle))
#10 /Users/craigiswayne/code/spotlight/from-prod-by-mel-2023-01-19/Spotlight/vendor/symfony/console/Application.php(1015): Illuminate\\Console\\Command->run(Object(Symfony\\Component\\Console\\Input\\ArgvInput), Object(Symfony\\Component\\Console\\Output\\ConsoleOutput))
#11 /Users/craigiswayne/code/spotlight/from-prod-by-mel-2023-01-19/Spotlight/vendor/symfony/console/Application.php(299): Symfony\\Component\\Console\\Application->doRunCommand(Object(Illuminate\\Foundation\\Console\\ServeCommand), Object(Symfony\\Component\\Console\\Input\\ArgvInput), Object(Symfony\\Component\\Console\\Output\\ConsoleOutput))
#12 /Users/craigiswayne/code/spotlight/from-prod-by-mel-2023-01-19/Spotlight/vendor/symfony/console/Application.php(171): Symfony\\Component\\Console\\Application->doRun(Object(Symfony\\Component\\Console\\Input\\ArgvInput), Object(Symfony\\Component\\Console\\Output\\ConsoleOutput))
#13 /Users/craigiswayne/code/spotlight/from-prod-by-mel-2023-01-19/Spotlight/vendor/laravel/framework/src/Illuminate/Console/Application.php(94): Symfony\\Component\\Console\\Application->run(Object(Symfony\\Component\\Console\\Input\\ArgvInput), Object(Symfony\\Component\\Console\\Output\\ConsoleOutput))
#14 /Users/craigiswayne/code/spotlight/from-prod-by-mel-2023-01-19/Spotlight/vendor/laravel/framework/src/Illuminate/Foundation/Console/Kernel.php(129): Illuminate\\Console\\Application->run(Object(Symfony\\Component\\Console\\Input\\ArgvInput), Object(Symfony\\Component\\Console\\Output\\ConsoleOutput))
#15 /Users/craigiswayne/code/spotlight/from-prod-by-mel-2023-01-19/Spotlight/artisan(69): Illuminate\\Foundation\\Console\\Kernel->handle(Object(Symfony\\Component\\Console\\Input\\ArgvInput), Object(Symfony\\Component\\Console\\Output\\ConsoleOutput))
#16 {main}
"} 
