============================
ERROR - 07/15/2022 06:48:26 : 10.12.156.100
System.ArgumentException: Illegal characters in path.
   at System.IO.Path.CheckInvalidPathChars(String path, Boolean checkAdditional)
   at System.IO.Path.Combine(String path1, String path2)
   at Enterprise.Spotlight.Web.Source.HttpModule.OktaAuthHttpModule.OnApplicationAuthenticateRequest(Object sender, EventArgs e)
---------------------------

============================
ERROR - 07/15/2022 06:48:27 : 10.12.156.100
System.ArgumentException: Illegal characters in path.
   at System.IO.Path.CheckInvalidPathChars(String path, Boolean checkAdditional)
   at System.IO.Path.Combine(String path1, String path2)
   at Enterprise.Spotlight.Web.Source.HttpModule.OktaAuthHttpModule.OnApplicationAuthenticateRequest(Object sender, EventArgs e)
---------------------------

============================
ERROR - 07/15/2022 06:48:27 : 10.12.156.100
System.ArgumentException: Illegal characters in path.
   at System.IO.Path.CheckInvalidPathChars(String path, Boolean checkAdditional)
   at System.IO.Path.Combine(String path1, String path2)
   at Enterprise.Spotlight.Web.Source.HttpModule.OktaAuthHttpModule.OnApplicationAuthenticateRequest(Object sender, EventArgs e)
---------------------------

============================
ERROR - 07/15/2022 06:48:27 : 10.12.156.100
System.ArgumentException: Illegal characters in path.
   at System.IO.Path.CheckInvalidPathChars(String path, Boolean checkAdditional)
   at System.IO.Path.Combine(String path1, String path2)
   at Enterprise.Spotlight.Web.Source.HttpModule.OktaAuthHttpModule.OnApplicationAuthenticateRequest(Object sender, EventArgs e)
---------------------------

============================
ERROR - 07/15/2022 06:48:27 : 10.12.156.100
System.ArgumentException: Illegal characters in path.
   at System.IO.Path.CheckInvalidPathChars(String path, Boolean checkAdditional)
   at System.IO.Path.Combine(String path1, String path2)
   at Enterprise.Spotlight.Web.Source.HttpModule.OktaAuthHttpModule.OnApplicationAuthenticateRequest(Object sender, EventArgs e)
---------------------------

============================
ERROR - 07/15/2022 06:48:27 : 10.12.156.100
System.ArgumentException: Illegal characters in path.
   at System.IO.Path.CheckInvalidPathChars(String path, Boolean checkAdditional)
   at System.IO.Path.Combine(String path1, String path2)
   at Enterprise.Spotlight.Web.Source.HttpModule.OktaAuthHttpModule.OnApplicationAuthenticateRequest(Object sender, EventArgs e)
---------------------------

============================
ERROR - 07/15/2022 06:48:27 : 10.12.156.100
System.ArgumentException: Illegal characters in path.
   at System.IO.Path.CheckInvalidPathChars(String path, Boolean checkAdditional)
   at System.IO.Path.Combine(String path1, String path2)
   at Enterprise.Spotlight.Web.Source.HttpModule.OktaAuthHttpModule.OnApplicationAuthenticateRequest(Object sender, EventArgs e)
---------------------------

============================
ERROR - 07/15/2022 06:48:27 : 10.12.156.100
System.ArgumentException: Illegal characters in path.
   at System.IO.Path.CheckInvalidPathChars(String path, Boolean checkAdditional)
   at System.IO.Path.Combine(String path1, String path2)
   at Enterprise.Spotlight.Web.Source.HttpModule.OktaAuthHttpModule.OnApplicationAuthenticateRequest(Object sender, EventArgs e)
---------------------------

============================
ERROR - 07/15/2022 06:48:27 : 10.12.156.100
System.ArgumentException: Illegal characters in path.
   at System.IO.Path.CheckInvalidPathChars(String path, Boolean checkAdditional)
   at System.IO.Path.Combine(String path1, String path2)
   at Enterprise.Spotlight.Web.Source.HttpModule.OktaAuthHttpModule.OnApplicationAuthenticateRequest(Object sender, EventArgs e)
---------------------------

============================
ERROR - 07/15/2022 06:48:27 : 10.12.156.100
System.ArgumentException: Illegal characters in path.
   at System.IO.Path.CheckInvalidPathChars(String path, Boolean checkAdditional)
   at System.IO.Path.Combine(String path1, String path2)
   at Enterprise.Spotlight.Web.Source.HttpModule.OktaAuthHttpModule.OnApplicationAuthenticateRequest(Object sender, EventArgs e)
---------------------------

============================
ERROR - 07/15/2022 06:48:48 : 10.12.156.100
System.ArgumentException: Illegal characters in path.
   at System.IO.Path.CheckInvalidPathChars(String path, Boolean checkAdditional)
   at System.IO.Path.Combine(String path1, String path2)
   at Enterprise.Spotlight.Web.Source.HttpModule.OktaAuthHttpModule.OnApplicationAuthenticateRequest(Object sender, EventArgs e)
---------------------------

============================
ERROR - 07/15/2022 06:48:49 : 10.12.156.100
System.ArgumentException: Illegal characters in path.
   at System.IO.Path.CheckInvalidPathChars(String path, Boolean checkAdditional)
   at System.IO.Path.Combine(String path1, String path2)
   at Enterprise.Spotlight.Web.Source.HttpModule.OktaAuthHttpModule.OnApplicationAuthenticateRequest(Object sender, EventArgs e)
---------------------------

============================
ERROR - 07/15/2022 06:48:49 : 10.12.156.100
System.ArgumentException: Illegal characters in path.
   at System.IO.Path.CheckInvalidPathChars(String path, Boolean checkAdditional)
   at System.IO.Path.Combine(String path1, String path2)
   at Enterprise.Spotlight.Web.Source.HttpModule.OktaAuthHttpModule.OnApplicationAuthenticateRequest(Object sender, EventArgs e)
---------------------------

============================
ERROR - 07/15/2022 06:48:49 : 10.12.156.100
System.ArgumentException: Illegal characters in path.
   at System.IO.Path.CheckInvalidPathChars(String path, Boolean checkAdditional)
   at System.IO.Path.Combine(String path1, String path2)
   at Enterprise.Spotlight.Web.Source.HttpModule.OktaAuthHttpModule.OnApplicationAuthenticateRequest(Object sender, EventArgs e)
---------------------------

============================
ERROR - 07/15/2022 06:48:49 : 10.12.156.100
System.ArgumentException: Illegal characters in path.
   at System.IO.Path.CheckInvalidPathChars(String path, Boolean checkAdditional)
   at System.IO.Path.Combine(String path1, String path2)
   at Enterprise.Spotlight.Web.Source.HttpModule.OktaAuthHttpModule.OnApplicationAuthenticateRequest(Object sender, EventArgs e)
---------------------------

============================
ERROR - 07/15/2022 06:49:05 : 10.12.156.100
System.ArgumentException: Illegal characters in path.
   at System.IO.Path.CheckInvalidPathChars(String path, Boolean checkAdditional)
   at System.IO.Path.Combine(String path1, String path2)
   at Enterprise.Spotlight.Web.Source.HttpModule.OktaAuthHttpModule.OnApplicationAuthenticateRequest(Object sender, EventArgs e)
---------------------------

============================
ERROR - 07/15/2022 06:49:05 : 10.12.156.100
System.ArgumentException: Illegal characters in path.
   at System.IO.Path.CheckInvalidPathChars(String path, Boolean checkAdditional)
   at System.IO.Path.Combine(String path1, String path2)
   at Enterprise.Spotlight.Web.Source.HttpModule.OktaAuthHttpModule.OnApplicationAuthenticateRequest(Object sender, EventArgs e)
---------------------------

============================
ERROR - 07/15/2022 06:49:05 : 10.12.156.100
System.ArgumentException: Illegal characters in path.
   at System.IO.Path.CheckInvalidPathChars(String path, Boolean checkAdditional)
   at System.IO.Path.Combine(String path1, String path2)
   at Enterprise.Spotlight.Web.Source.HttpModule.OktaAuthHttpModule.OnApplicationAuthenticateRequest(Object sender, EventArgs e)
---------------------------

============================
ERROR - 07/15/2022 06:49:05 : 10.12.156.100
System.ArgumentException: Illegal characters in path.
   at System.IO.Path.CheckInvalidPathChars(String path, Boolean checkAdditional)
   at System.IO.Path.Combine(String path1, String path2)
   at Enterprise.Spotlight.Web.Source.HttpModule.OktaAuthHttpModule.OnApplicationAuthenticateRequest(Object sender, EventArgs e)
---------------------------

============================
ERROR - 07/15/2022 06:49:05 : 10.12.156.100
System.ArgumentException: Illegal characters in path.
   at System.IO.Path.CheckInvalidPathChars(String path, Boolean checkAdditional)
   at System.IO.Path.Combine(String path1, String path2)
   at Enterprise.Spotlight.Web.Source.HttpModule.OktaAuthHttpModule.OnApplicationAuthenticateRequest(Object sender, EventArgs e)
---------------------------

============================
ERROR - 07/15/2022 06:49:05 : 10.12.156.100
System.ArgumentException: Illegal characters in path.
   at System.IO.Path.CheckInvalidPathChars(String path, Boolean checkAdditional)
   at System.IO.Path.Combine(String path1, String path2)
   at Enterprise.Spotlight.Web.Source.HttpModule.OktaAuthHttpModule.OnApplicationAuthenticateRequest(Object sender, EventArgs e)
---------------------------

============================
ERROR - 07/15/2022 06:49:05 : 10.12.156.100
System.ArgumentException: Illegal characters in path.
   at System.IO.Path.CheckInvalidPathChars(String path, Boolean checkAdditional)
   at System.IO.Path.Combine(String path1, String path2)
   at Enterprise.Spotlight.Web.Source.HttpModule.OktaAuthHttpModule.OnApplicationAuthenticateRequest(Object sender, EventArgs e)
---------------------------

============================
ERROR - 07/15/2022 06:49:05 : 10.12.156.100
System.ArgumentException: Illegal characters in path.
   at System.IO.Path.CheckInvalidPathChars(String path, Boolean checkAdditional)
   at System.IO.Path.Combine(String path1, String path2)
   at Enterprise.Spotlight.Web.Source.HttpModule.OktaAuthHttpModule.OnApplicationAuthenticateRequest(Object sender, EventArgs e)
---------------------------

============================
ERROR - 07/15/2022 06:49:05 : 10.12.156.100
System.ArgumentException: Illegal characters in path.
   at System.IO.Path.CheckInvalidPathChars(String path, Boolean checkAdditional)
   at System.IO.Path.Combine(String path1, String path2)
   at Enterprise.Spotlight.Web.Source.HttpModule.OktaAuthHttpModule.OnApplicationAuthenticateRequest(Object sender, EventArgs e)
---------------------------

============================
ERROR - 07/15/2022 06:49:05 : 10.12.156.100
System.ArgumentException: Illegal characters in path.
   at System.IO.Path.CheckInvalidPathChars(String path, Boolean checkAdditional)
   at System.IO.Path.Combine(String path1, String path2)
   at Enterprise.Spotlight.Web.Source.HttpModule.OktaAuthHttpModule.OnApplicationAuthenticateRequest(Object sender, EventArgs e)
---------------------------

============================
ERROR - 07/15/2022 06:49:05 : 10.12.156.100
System.ArgumentException: Illegal characters in path.
   at System.IO.Path.CheckInvalidPathChars(String path, Boolean checkAdditional)
   at System.IO.Path.Combine(String path1, String path2)
   at Enterprise.Spotlight.Web.Source.HttpModule.OktaAuthHttpModule.OnApplicationAuthenticateRequest(Object sender, EventArgs e)
---------------------------

============================
ERROR - 07/15/2022 06:49:05 : 10.12.156.100
System.ArgumentException: Illegal characters in path.
   at System.IO.Path.CheckInvalidPathChars(String path, Boolean checkAdditional)
   at System.IO.Path.Combine(String path1, String path2)
   at Enterprise.Spotlight.Web.Source.HttpModule.OktaAuthHttpModule.OnApplicationAuthenticateRequest(Object sender, EventArgs e)
---------------------------

============================
ERROR - 07/15/2022 06:49:06 : 10.12.156.100
System.ArgumentException: Illegal characters in path.
   at System.IO.Path.CheckInvalidPathChars(String path, Boolean checkAdditional)
   at System.IO.Path.Combine(String path1, String path2)
   at Enterprise.Spotlight.Web.Source.HttpModule.OktaAuthHttpModule.OnApplicationAuthenticateRequest(Object sender, EventArgs e)
---------------------------

